<?xml version="1.0" encoding="UTF-8"?>
<testsuite xmlns:xsi="http://www.w3.org/2001/XMLSchema-instance" xsi:noNamespaceSchemaLocation="https://maven.apache.org/surefire/maven-surefire-plugin/xsd/surefire-test-report-3.0.xsd" version="3.0" name="TestSuite" time="49.622" tests="1" errors="0" skipped="0" failures="0">
  <properties>
[...]
</properties>
  <testcase name="runScenario[&quot;Successful login with valid credentials&quot;, &quot;Login and ForgetPassword&quot;](1)" classname="TestRunner.Run" time="40.85">
    <system-out><![CDATA[
@Regression @Smoke
Scenario: Successful login with valid credentials                                                 # Features/Feature.feature:9
[INFO ] 2023-09-07 06:16:27.299 [main] StepDefi - Chrome driver loaded
Launched Browser
  Given User should launch browser                                                                # StepDefinition.StepDefi.user_should_launch_browser()
  When User open url "https://www.naukri.com/"                                                    # StepDefinition.StepDefi.user_open_url(java.lang.String)
  And User Click on login button                                                                  # StepDefinition.StepDefi.user_click_on_login_button()
  And User enters valid Emailid as "gaurav1ahuja1@gmail.com" and Password as "Gauravnaukri@12345" # StepDefinition.StepDefi.user_enters_valid_emailid_as_and_password_as(java.lang.String,java.lang.String)
  And User click on login                                                                         # StepDefinition.StepDefi.user_click_on_login()
  Then User should be able to redirect to the homepage                                            # StepDefinition.StepDefi.user_should_be_able_to_redirect_to_the_homepage()
[INFO ] 2023-09-07 06:16:57.222 [main] StepDefi - Url is Matched
  And User should verify the Url                                                                  # StepDefinition.StepDefi.user_should_verify_the_url()
Browser Closed
  And Close the browser                                                                           # StepDefinition.StepDefi.close_the_browser()
]]></system-out>
    <system-err><![CDATA[SLF4J: No SLF4J providers were found.
SLF4J: Defaulting to no-operation (NOP) logger implementation
SLF4J: See https://www.slf4j.org/codes.html#noProviders for further details.
Starting ChromeDriver 116.0.5845.96 (1a391816688002153ef791ffe60d9e899a71a037-refs/branch-heads/5845@{#1382}) on port 9158
Only local connections are allowed.
Please see https://chromedriver.chromium.org/security-considerations for suggestions on keeping ChromeDriver safe.
ChromeDriver was started successfully.
Sep 07, 2023 6:16:26 AM org.openqa.selenium.remote.ProtocolHandshake createSession
INFO: Detected dialect: W3C
]]></system-err>
  </testcase>
</testsuite>